<?xml version="1.0" encoding="UTF-8" ?>
<testsuite errors="0" failures="0" hostname="J-PC" name="com.athlet.tests.PointsCounterTest" tests="1" time="0.153" timestamp="2010-05-26T23:15:13">
  <properties>
    <property name="java.runtime.name" value="Java(TM) SE Runtime Environment" />
    <property name="sun.boot.library.path" value="C:\Program Files\Java\jre6\bin" />
    <property name="java.vm.version" value="16.0-b13" />
    <property name="ant.library.dir" value="C:\web\idu0080\eclipse\plugins\org.apache.ant_1.7.1.v20090120-1145\lib" />
    <property name="ant.version" value="Apache Ant version 1.7.1 compiled on June 27 2008" />
    <property name="ant.java.version" value="1.6" />
    <property name="java.vm.vendor" value="Sun Microsystems Inc." />
    <property name="java.vendor.url" value="http://java.sun.com/" />
    <property name="path.separator" value=";" />
    <property name="java.vm.name" value="Java HotSpot(TM) Client VM" />
    <property name="file.encoding.pkg" value="sun.io" />
    <property name="user.country" value="US" />
    <property name="sun.java.launcher" value="SUN_STANDARD" />
    <property name="sun.os.patch.level" value="" />
    <property name="java.vm.specification.name" value="Java Virtual Machine Specification" />
    <property name="user.dir" value="C:\Users\J\workspace\Decathlon" />
    <property name="java.runtime.version" value="1.6.0_18-b07" />
    <property name="java.awt.graphicsenv" value="sun.awt.Win32GraphicsEnvironment" />
    <property name="eclipse.pdebuild.scripts" value="/C:/web/idu0080/eclipse/plugins/org.eclipse.pde.build_3.5.1.R35x_20090820/scripts/" />
    <property name="basedir" value="C:\Users\J\workspace\Decathlon" />
    <property name="java.endorsed.dirs" value="C:\Program Files\Java\jre6\lib\endorsed" />
    <property name="os.arch" value="x86" />
    <property name="java.io.tmpdir" value="C:\Users\J\AppData\Local\Temp\" />
    <property name="ant.core.lib" value="C:\web\idu0080\eclipse\plugins\org.apache.ant_1.7.1.v20090120-1145\lib\ant.jar" />
    <property name="line.separator" value="
" />
    <property name="java.vm.specification.vendor" value="Sun Microsystems Inc." />
    <property name="user.variant" value="" />
    <property name="os.name" value="Windows 7" />
    <property name="ant.home" value="C:\web\idu0080\eclipse\plugins\org.apache.ant_1.7.1.v20090120-1145" />
    <property name="eclipse.pdebuild.templates" value="/C:/web/idu0080/eclipse/plugins/org.eclipse.pde.build_3.5.1.R35x_20090820/templates/" />
    <property name="ant.project.name" value="Decathlon" />
    <property name="sun.jnu.encoding" value="Cp1257" />
    <property name="java.library.path" value="C:\web\idu0080\eclipse;.;C:\Windows\Sun\Java\bin;C:\Windows\system32;C:\Windows;C:/Program Files/Java/jre6/bin/client;C:/Program Files/Java/jre6/bin;C:\Windows\system32;C:\Windows;C:\Windows\System32\Wbem;C:\Windows\System32\WindowsPowerShell\v1.0\;C:\Program Files\Java\jdk1.6.0_18\bin;C:\Program Files\Rational\common;C:\Program Files\TortoiseSVN\bin;C:\ant\apache-ant-1.8.0RC1\bin;C:\Program Files\QuickTime\QTSystem\;C:\Program Files\Samsung\Samsung PC Studio 3\;c:\Program Files\Microsoft SQL Server\90\Tools\binn\;C:\web\idu0080\eclipse\configuration\org.eclipse.osgi\bundles\534\1\.cp" />
    <property name="eclipse.pdebuild.home" value="/C:/web/idu0080/eclipse/plugins/org.eclipse.pde.build_3.5.1.R35x_20090820/./" />
    <property name="java.class.version" value="50.0" />
    <property name="java.specification.name" value="Java Platform API Specification" />
    <property name="lib.dir" value="lib" />
    <property name="sun.management.compiler" value="HotSpot Client Compiler" />
    <property name="os.version" value="6.1" />
    <property name="ant.file" value="C:\Users\J\workspace\Decathlon\build.xml" />
    <property name="user.home" value="C:\Users\J" />
    <property name="user.timezone" value="" />
    <property name="java.awt.printerjob" value="sun.awt.windows.WPrinterJob" />
    <property name="file.encoding" value="UTF-8" />
    <property name="java.specification.version" value="1.6" />
    <property name="user.name" value="J" />
    <property name="java.class.path" value="C:\web\idu0080\eclipse\plugins\org.apache.ant_1.7.1.v20090120-1145\lib\ant.jar;C:\web\idu0080\eclipse\plugins\org.apache.ant_1.7.1.v20090120-1145\lib\ant-antlr.jar;C:\web\idu0080\eclipse\plugins\org.apache.ant_1.7.1.v20090120-1145\lib\ant-apache-bcel.jar;C:\web\idu0080\eclipse\plugins\org.apache.ant_1.7.1.v20090120-1145\lib\ant-apache-bsf.jar;C:\web\idu0080\eclipse\plugins\org.apache.ant_1.7.1.v20090120-1145\lib\ant-apache-log4j.jar;C:\web\idu0080\eclipse\plugins\org.apache.ant_1.7.1.v20090120-1145\lib\ant-apache-oro.jar;C:\web\idu0080\eclipse\plugins\org.apache.ant_1.7.1.v20090120-1145\lib\ant-apache-regexp.jar;C:\web\idu0080\eclipse\plugins\org.apache.ant_1.7.1.v20090120-1145\lib\ant-apache-resolver.jar;C:\web\idu0080\eclipse\plugins\org.apache.ant_1.7.1.v20090120-1145\lib\ant-commons-logging.jar;C:\web\idu0080\eclipse\plugins\org.apache.ant_1.7.1.v20090120-1145\lib\ant-commons-net.jar;C:\web\idu0080\eclipse\plugins\org.apache.ant_1.7.1.v20090120-1145\lib\ant-jai.jar;C:\web\idu0080\eclipse\plugins\org.apache.ant_1.7.1.v20090120-1145\lib\ant-javamail.jar;C:\web\idu0080\eclipse\plugins\org.apache.ant_1.7.1.v20090120-1145\lib\ant-jdepend.jar;C:\web\idu0080\eclipse\plugins\org.apache.ant_1.7.1.v20090120-1145\lib\ant-jmf.jar;C:\web\idu0080\eclipse\plugins\org.apache.ant_1.7.1.v20090120-1145\lib\ant-jsch.jar;C:\web\idu0080\eclipse\plugins\org.apache.ant_1.7.1.v20090120-1145\lib\ant-junit.jar;C:\web\idu0080\eclipse\plugins\org.apache.ant_1.7.1.v20090120-1145\lib\ant-launcher.jar;C:\web\idu0080\eclipse\plugins\org.apache.ant_1.7.1.v20090120-1145\lib\ant-netrexx.jar;C:\web\idu0080\eclipse\plugins\org.apache.ant_1.7.1.v20090120-1145\lib\ant-nodeps.jar;C:\web\idu0080\eclipse\plugins\org.apache.ant_1.7.1.v20090120-1145\lib\ant-starteam.jar;C:\web\idu0080\eclipse\plugins\org.apache.ant_1.7.1.v20090120-1145\lib\ant-stylebook.jar;C:\web\idu0080\eclipse\plugins\org.apache.ant_1.7.1.v20090120-1145\lib\ant-swing.jar;C:\web\idu0080\eclipse\plugins\org.apache.ant_1.7.1.v20090120-1145\lib\ant-trax.jar;C:\web\idu0080\eclipse\plugins\org.apache.ant_1.7.1.v20090120-1145\lib\ant-weblogic.jar;C:\web\idu0080\eclipse\configuration\org.eclipse.osgi\bundles\47\1\.cp\lib\remoteAnt.jar;C:\Program Files\Java\jdk1.6.0_18\lib\tools.jar;C:\web\idu0080\apache-ant-1.8.0RC1\lib\junit-4.8.2.jar;C:\web\idu0080\eclipse\plugins\org.eclipse.swt.win32.win32.x86_3.5.1.v3555a.jar" />
    <property name="java.vm.specification.version" value="1.0" />
    <property name="java.home" value="C:\Program Files\Java\jre6" />
    <property name="sun.arch.data.model" value="32" />
    <property name="java.specification.vendor" value="Sun Microsystems Inc." />
    <property name="user.language" value="en" />
    <property name="classes.dir" value="build/classes" />
    <property name="awt.toolkit" value="sun.awt.windows.WToolkit" />
    <property name="java.vm.info" value="mixed mode, sharing" />
    <property name="java.version" value="1.6.0_18" />
    <property name="java.ext.dirs" value="C:\Program Files\Java\jre6\lib\ext;C:\Windows\Sun\Java\lib\ext" />
    <property name="sun.boot.class.path" value="C:\Program Files\Java\jre6\lib\resources.jar;C:\Program Files\Java\jre6\lib\rt.jar;C:\Program Files\Java\jre6\lib\sunrsasign.jar;C:\Program Files\Java\jre6\lib\jsse.jar;C:\Program Files\Java\jre6\lib\jce.jar;C:\Program Files\Java\jre6\lib\charsets.jar;C:\Program Files\Java\jre6\classes" />
    <property name="java.vendor" value="Sun Microsystems Inc." />
    <property name="file.separator" value="\" />
    <property name="src.dir" value="src" />
    <property name="java.vendor.url.bug" value="http://java.sun.com/cgi-bin/bugreport.cgi" />
    <property name="ant.file.Decathlon" value="C:\Users\J\workspace\Decathlon\build.xml" />
    <property name="sun.cpu.endian" value="little" />
    <property name="sun.io.unicode.encoding" value="UnicodeLittle" />
    <property name="sun.desktop" value="windows" />
    <property name="sun.cpu.isalist" value="pentium_pro+mmx pentium_pro pentium+mmx pentium i486 i386 i86" />
  </properties>
  <testcase classname="com.athlet.tests.PointsCounterTest" name="testGetContents" time="0.029" />
  <system-out><![CDATA[Sportsmen [name=Erki Nool, results=
	Result [seconds=10.22, score=1042]
	Result [meters=8.22, score=1117]
	Result [meters=19.17, score=1048]
	Result [meters=2.27, score=1061]
	Result [seconds=45.68, score=1025]
	Result [seconds=13.47, score=1044]
	Result [meters=55.87, score=993]
	Result [meters=5.76, score=1152]
	Result [meters=79.8, score=1040]
	Result [seconds=238.7, score=963]
Total: 10485
]
]]></system-out>
  <system-err><![CDATA[]]></system-err>
</testsuite>
